#
# A fatal error has been detected by the Java Runtime Environment:
#
#  SIGSEGV (0xb) at pc=0x00007f37ba248e86, pid=8156, tid=139876997297920
#
# JRE version: OpenJDK Runtime Environment (7.0_91-b02) (build 1.7.0_91-b02)
# Java VM: OpenJDK 64-Bit Server VM (24.91-b01 mixed mode linux-amd64 compressed oops)
# Derivative: IcedTea 2.6.3
# Distribution: Ubuntu 15.10, package 7u91-2.6.3-0ubuntu0.15.10.1
# Problematic frame:
# V  [libjvm.so+0x987e86]  interpretedVFrame::monitors() const+0x1c6
#
# Failed to write core dump. Core dumps have been disabled. To enable core dumping, try "ulimit -c unlimited" before starting Java again
#
# If you would like to submit a bug report, please include
# instructions on how to reproduce the bug and visit:
#   http://icedtea.classpath.org/bugzilla
#

---------------  T H R E A D  ---------------

Current thread (0x00007f37b40b6800):  JavaThread "JDWP Transport Listener: dt_socket" daemon [_thread_in_vm, id=8173, stack(0x00007f37a6ac7000,0x00007f37a6bc8000)]

siginfo:si_signo=SIGSEGV: si_errno=0, si_code=2 (SEGV_ACCERR), si_addr=0x00007f37bb403ff8

Registers:
RAX=0x00000000e23f0200, RBX=0x00007f37700326d0, RCX=0x00007f37bab23340, RDX=0x000000000000fc9f
RSP=0x00007f37a6bc61a0, RBP=0x00007f37a6bc6250, RSI=0x0000000000000000, RDI=0x0000000000000020
R8 =0x00007f3780220c90, R9 =0x00007f3780000000, R10=0x0000000000000022, R11=0x0000000000000206
R12=0x00007f3770032cd0, R13=0x00007f37bb403ff0, R14=0x00007f37a6bc61e0, R15=0x00007f37a63a6020
RIP=0x00007f37ba248e86, EFLAGS=0x0000000000010246, CSGSFS=0x0000000000000033, ERR=0x0000000000000004
  TRAPNO=0x000000000000000e

Top of Stack: (sp=0x00007f37a6bc61a0)
0x00007f37a6bc61a0:   0000000000000000 00007f378015f970
0x00007f37a6bc61b0:   00007f37bb5009c8 00007f37b03000d8
0x00007f37a6bc61c0:   00007f37b02ff310 00007f3700000000
0x00007f37a6bc61d0:   00007f37bb500a40 00007f37bb500a00
0x00007f37a6bc61e0:   00007f37bb5009c8 00007f37b03000d8
0x00007f37a6bc61f0:   00007f37b02ff310 00007f3700000000
0x00007f37a6bc6200:   00007f37bb500a40 00007f37bb500a00
0x00007f37a6bc6210:   00007f37b40ae9c0 4f9c01f3ae300200
0x00007f37a6bc6220:   0000000000000000 00007f37b40ae9c0
0x00007f37a6bc6230:   00007f3780006460 0000000000000000
0x00007f37a6bc6240:   00007f3780006460 00007f37b400d000
0x00007f37a6bc6250:   00007f37a6bc6330 00007f37b9f746c8
0x00007f37a6bc6260:   00007f37a6bc62d0 00007f37ba1fde8e
0x00007f37a6bc6270:   00007f37bb500a00 4f9c01f3ae300200
0x00007f37a6bc6280:   00000000000083b0 00007f377003a0a8
0x00007f37a6bc6290:   00007f3770032cd0 00000001b400d000
0x00007f37a6bc62a0:   00007f37b40b6800 00007f37700320c0
0x00007f37a6bc62b0:   00007f37b4003960 00007f37b40ae9c0
0x00007f37a6bc62c0:   00007f37a6bc6330 00007f37ba1fde8e
0x00007f37a6bc62d0:   00007f37bb500978 4f9c01f3ae300200
0x00007f37a6bc62e0:   00007f37b02ff310 0000000000000001
0x00007f37a6bc62f0:   00007f37ba6a5e18 4f9c01f3ae300200
0x00007f37a6bc6300:   00007f3780006460 0000000000000001
0x00007f37a6bc6310:   00007f37ba6a5e18 00007f37b400d000
0x00007f37a6bc6320:   00007f3780006460 00007f37700326d0
0x00007f37a6bc6330:   00007f37a6bc69c0 00007f37b9f74b35
0x00007f37a6bc6340:   0000000000000000 00000000000003d8
0x00007f37a6bc6350:   00007f37b40ae9c0 00007f37b40b7508
0x00007f37a6bc6360:   00007f37b40b7130 00007f3780006460
0x00007f37a6bc6370:   00007f37a6bc6390 00007f37b40b7120
0x00007f37a6bc6380:   00007f37b40b6800 00007f37b4003960
0x00007f37a6bc6390:   00007f37b40b6800 00007f37b40b7510 

Instructions: (pc=0x00007f37ba248e86)
0x00007f37ba248e66:   89 45 b0 48 8b 43 30 48 89 45 b8 e8 8a 88 b9 ff
0x00007f37ba248e76:   49 39 c5 0f 82 11 01 00 00 31 f6 bf 20 00 00 00
0x00007f37ba248e86:   4d 8b 7d 08 e8 a1 67 f0 ff 48 85 c0 49 89 c0 74
0x00007f37ba248e96:   17 4c 89 38 48 c7 40 10 00 00 00 00 4c 89 68 08 

Register to memory mapping:

RAX=0x00000000e23f0200 is an oop
java.lang.StringIndexOutOfBoundsException 
 - klass: 'java/lang/StringIndexOutOfBoundsException'
RBX=0x00007f37700326d0 is an unknown value
RCX=0x00007f37bab23340: <offset 0x219340> in /lib/x86_64-linux-gnu/libpthread.so.0 at 0x00007f37ba90a000
RDX=0x000000000000fc9f is an unknown value
RSP=0x00007f37a6bc61a0 is pointing into the stack for thread: 0x00007f37b40b6800
RBP=0x00007f37a6bc6250 is pointing into the stack for thread: 0x00007f37b40b6800
RSI=0x0000000000000000 is an unknown value
RDI=0x0000000000000020 is an unknown value
R8 =0x00007f3780220c90 is an unknown value
R9 =0x00007f3780000000 is an unknown value
R10=0x0000000000000022 is an unknown value
R11=0x0000000000000206 is an unknown value
R12=0x00007f3770032cd0 is an unknown value
R13=0x00007f37bb403ff0 is pointing into the stack for thread: 0x00007f37b400d000
R14=0x00007f37a6bc61e0 is pointing into the stack for thread: 0x00007f37b40b6800
R15=0x00007f37a63a6020 is an unknown value


Stack: [0x00007f37a6ac7000,0x00007f37a6bc8000],  sp=0x00007f37a6bc61a0,  free space=1020k
Native frames: (J=compiled Java code, j=interpreted, Vv=VM code, C=native code)
V  [libjvm.so+0x987e86]  interpretedVFrame::monitors() const+0x1c6
V  [libjvm.so+0x6b36c8]  JvmtiEnvBase::get_locked_objects_in_frame(JavaThread*, JavaThread*, javaVFrame*, GrowableArray<_jvmtiMonitorStackDepthInfo*>*, int)+0x88
V  [libjvm.so+0x6b3b35]  JvmtiEnvBase::get_owned_monitors(JavaThread*, JavaThread*, GrowableArray<_jvmtiMonitorStackDepthInfo*>*)+0x115
V  [libjvm.so+0x6a8d36]  JvmtiEnv::GetOwnedMonitorInfo(JavaThread*, int*, _jobject***)+0xf6
V  [libjvm.so+0x6622b2]  jvmti_GetOwnedMonitorInfo+0x1d2
C  [libjdwp.so+0xa5f6]
C  [libjdwp.so+0x12268]
C  [libjdwp.so+0x24825]
V  [libjvm.so+0x6caa41]  JvmtiAgentThread::start_function_wrapper(JavaThread*, Thread*)+0x91
V  [libjvm.so+0x93f3c7]  JavaThread::thread_main_inner()+0x117
V  [libjvm.so+0x93f641]  JavaThread::run()+0x231
V  [libjvm.so+0x7fe362]  java_start(Thread*)+0xf2


---------------  P R O C E S S  ---------------

Java Threads: ( => current thread )
  0x00007f37b40c2000 JavaThread "Service Thread" daemon [_thread_blocked, id=8182, stack(0x00007f37a65c2000,0x00007f37a66c3000)]
  0x00007f37b40bf800 JavaThread "C2 CompilerThread1" daemon [_thread_blocked, id=8181, stack(0x00007f37a66c3000,0x00007f37a67c4000)]
  0x00007f37b40bc800 JavaThread "C2 CompilerThread0" daemon [_thread_blocked, id=8180, stack(0x00007f37a67c4000,0x00007f37a68c5000)]
  0x00007f3780001000 JavaThread "JDWP Command Reader" daemon [_thread_in_native, id=8177, stack(0x00007f37a68c5000,0x00007f37a69c6000)]
  0x00007f37b40ba800 JavaThread "JDWP Event Helper Thread" daemon [_thread_blocked, id=8175, stack(0x00007f37a69c6000,0x00007f37a6ac7000)]
=>0x00007f37b40b6800 JavaThread "JDWP Transport Listener: dt_socket" daemon [_thread_in_vm, id=8173, stack(0x00007f37a6ac7000,0x00007f37a6bc8000)]
  0x00007f37b40a9800 JavaThread "Signal Dispatcher" daemon [_thread_blocked, id=8171, stack(0x00007f37a6dcd000,0x00007f37a6ece000)]
  0x00007f37b407f800 JavaThread "Finalizer" daemon [_thread_blocked, id=8170, stack(0x00007f37a6ece000,0x00007f37a6fcf000)]
  0x00007f37b407d800 JavaThread "Reference Handler" daemon [_thread_blocked, id=8169, stack(0x00007f37a6fcf000,0x00007f37a70d0000)]
  0x00007f37b400d000 JavaThread "main" [_thread_blocked, id=8162, stack(0x00007f37bb401000,0x00007f37bb502000)]

Other Threads:
  0x00007f37b4079000 VMThread [stack: 0x00007f37a70d0000,0x00007f37a71d1000] [id=8168]
  0x00007f37b40cd000 WatcherThread [stack: 0x00007f37a64c1000,0x00007f37a65c2000] [id=8183]

VM state:not at safepoint (normal execution)

VM Mutex/Monitor currently owned by a thread: None

Heap
 PSYoungGen      total 28160K, used 14763K [0x00000000e1600000, 0x00000000e3500000, 0x0000000100000000)
  eden space 24576K, 60% used [0x00000000e1600000,0x00000000e246af50,0x00000000e2e00000)
  from space 3584K, 0% used [0x00000000e3180000,0x00000000e3180000,0x00000000e3500000)
  to   space 3584K, 0% used [0x00000000e2e00000,0x00000000e2e00000,0x00000000e3180000)
 ParOldGen       total 62464K, used 0K [0x00000000a4200000, 0x00000000a7f00000, 0x00000000e1600000)
  object space 62464K, 0% used [0x00000000a4200000,0x00000000a4200000,0x00000000a7f00000)
 PSPermGen       total 21504K, used 3546K [0x0000000099c00000, 0x000000009b100000, 0x00000000a4200000)
  object space 21504K, 16% used [0x0000000099c00000,0x0000000099f76980,0x000000009b100000)

Card table byte_map: [0x00007f37affc7000,0x00007f37b02fa000] byte_map_base: 0x00007f37afaf9000

Polling page: 0x00007f37bb524000

Code Cache  [0x00007f37b02fa000, 0x00007f37b056a000, 0x00007f37b32fa000)
 total_blobs=190 nmethods=7 adapters=145 free_code_cache=48747Kb largest_free_block=49900736

Compilation events (10 events):
Event: 3,102 Thread 0x00007f37b40bc800    3             sun.nio.cs.UTF_8$Decoder::decodeArrayLoop (543 bytes)
Event: 3,104 Thread 0x00007f37b40bf800    4   !         java.io.BufferedReader::readLine (304 bytes)
Event: 3,122 Thread 0x00007f37b40bf800 nmethod 4 0x00007f37b035fc90 code [0x00007f37b035fe60, 0x00007f37b03609b0]
Event: 3,136 Thread 0x00007f37b40bc800 nmethod 3 0x00007f37b03610d0 code [0x00007f37b0361380, 0x00007f37b0362310]
Event: 13,402 Thread 0x00007f37b40bf800    5             RND.Brutal::searchForBestSpot (70 bytes)
Event: 13,409 Thread 0x00007f37b40bf800 nmethod 5 0x00007f37b035a6d0 code [0x00007f37b035a840, 0x00007f37b035a9d8]
Event: 13,418 Thread 0x00007f37b40bc800    6             java.lang.String::equals (81 bytes)
Event: 13,424 Thread 0x00007f37b40bc800 nmethod 6 0x00007f37b035a010 code [0x00007f37b035a180, 0x00007f37b035a4b8]
Event: 13,424 Thread 0x00007f37b40bf800    7             java.util.ArrayList::indexOf (67 bytes)
Event: 13,431 Thread 0x00007f37b40bf800 nmethod 7 0x00007f37b035d6d0 code [0x00007f37b035d840, 0x00007f37b035ddf8]

GC Heap History (0 events):
No events

Deoptimization events (1 events):
Event: 13,411 Thread 0x00007f37b400d000 Uncommon trap: reason=unstable_if action=reinterpret pc=0x00007f37b036079c method=java.io.BufferedReader.readLine(Z)Ljava/lang/String; @ 55

Internal exceptions (10 events):
Event: 0,231 Thread 0x00007f37b400d000 Threw 0x00000000e1647968 at /build/openjdk-7-slE2TM/openjdk-7-7u91-2.6.3/build/openjdk/hotspot/src/share/vm/prims/jvm.cpp:1322
Event: 0,232 Thread 0x00007f37b400d000 Threw 0x00000000e164ace8 at /build/openjdk-7-slE2TM/openjdk-7-7u91-2.6.3/build/openjdk/hotspot/src/share/vm/prims/jvm.cpp:1322
Event: 0,252 Thread 0x00007f37b400d000 Threw 0x00000000e166b848 at /build/openjdk-7-slE2TM/openjdk-7-7u91-2.6.3/build/openjdk/hotspot/src/share/vm/prims/jvm.cpp:1322
Event: 0,252 Thread 0x00007f37b400d000 Threw 0x00000000e166b970 at /build/openjdk-7-slE2TM/openjdk-7-7u91-2.6.3/build/openjdk/hotspot/src/share/vm/prims/jvm.cpp:1322
Event: 0,253 Thread 0x00007f37b400d000 Threw 0x00000000e166df20 at /build/openjdk-7-slE2TM/openjdk-7-7u91-2.6.3/build/openjdk/hotspot/src/share/vm/prims/jvm.cpp:1322
Event: 0,253 Thread 0x00007f37b400d000 Threw 0x00000000e166e048 at /build/openjdk-7-slE2TM/openjdk-7-7u91-2.6.3/build/openjdk/hotspot/src/share/vm/prims/jvm.cpp:1322
Event: 0,253 Thread 0x00007f37b400d000 Threw 0x00000000e166e948 at /build/openjdk-7-slE2TM/openjdk-7-7u91-2.6.3/build/openjdk/hotspot/src/share/vm/prims/jvm.cpp:1322
Event: 0,253 Thread 0x00007f37b400d000 Threw 0x00000000e166ea70 at /build/openjdk-7-slE2TM/openjdk-7-7u91-2.6.3/build/openjdk/hotspot/src/share/vm/prims/jvm.cpp:1322
Event: 3,087 Thread 0x00007f37b400d000 Threw 0x00000000e177f098 at /build/openjdk-7-slE2TM/openjdk-7-7u91-2.6.3/build/openjdk/hotspot/src/share/vm/prims/jvm.cpp:1322
Event: 3,094 Thread 0x00007f37b400d000 Threw 0x00000000e1782b80 at /build/openjdk-7-slE2TM/openjdk-7-7u91-2.6.3/build/openjdk/hotspot/src/share/vm/prims/jvm.cpp:1322

Events (10 events):
Event: 124,937 Executing VM operation: RedefineClasses
Event: 124,937 Executing VM operation: RedefineClasses done
Event: 124,938 Executing VM operation: EnterInterpOnlyMode
Event: 124,938 Executing VM operation: EnterInterpOnlyMode done
Event: 124,938 Executing VM operation: GetCurrentLocation
Event: 124,938 Executing VM operation: GetCurrentLocation done
Event: 124,938 Executing VM operation: ChangeSingleStep
Event: 124,938 Executing VM operation: ChangeSingleStep done
Event: 124,938 Executing VM operation: ChangeSingleStep
Event: 124,938 Executing VM operation: ChangeSingleStep done


Dynamic libraries:
00400000-00401000 r-xp 00000000 08:05 6695015                            /usr/lib/jvm/java-7-openjdk-amd64/jre/bin/java
00600000-00601000 r--p 00000000 08:05 6695015                            /usr/lib/jvm/java-7-openjdk-amd64/jre/bin/java
00601000-00602000 rw-p 00001000 08:05 6695015                            /usr/lib/jvm/java-7-openjdk-amd64/jre/bin/java
008ce000-008ef000 rw-p 00000000 00:00 0                                  [heap]
99c00000-9b100000 rw-p 00000000 00:00 0 
9b100000-a4200000 rw-p 00000000 00:00 0 
a4200000-a7f00000 rw-p 00000000 00:00 0 
a7f00000-e1600000 rw-p 00000000 00:00 0 
e1600000-e3500000 rw-p 00000000 00:00 0 
e3500000-100000000 rw-p 00000000 00:00 0 
7f3768000000-7f3768021000 rw-p 00000000 00:00 0 
7f3768021000-7f376c000000 ---p 00000000 00:00 0 
7f3770000000-7f37701b5000 rw-p 00000000 00:00 0 
7f37701b5000-7f3774000000 ---p 00000000 00:00 0 
7f3774000000-7f3774021000 rw-p 00000000 00:00 0 
7f3774021000-7f3778000000 ---p 00000000 00:00 0 
7f3778000000-7f3778021000 rw-p 00000000 00:00 0 
7f3778021000-7f377c000000 ---p 00000000 00:00 0 
7f377c000000-7f377c150000 rw-p 00000000 00:00 0 
7f377c150000-7f3780000000 ---p 00000000 00:00 0 
7f3780000000-7f378022c000 rw-p 00000000 00:00 0 
7f378022c000-7f3784000000 ---p 00000000 00:00 0 
7f3784000000-7f3784021000 rw-p 00000000 00:00 0 
7f3784021000-7f3788000000 ---p 00000000 00:00 0 
7f3788000000-7f3788021000 rw-p 00000000 00:00 0 
7f3788021000-7f378c000000 ---p 00000000 00:00 0 
7f378c000000-7f378c021000 rw-p 00000000 00:00 0 
7f378c021000-7f3790000000 ---p 00000000 00:00 0 
7f3790000000-7f3790021000 rw-p 00000000 00:00 0 
7f3790021000-7f3794000000 ---p 00000000 00:00 0 
7f3794000000-7f3794021000 rw-p 00000000 00:00 0 
7f3794021000-7f3798000000 ---p 00000000 00:00 0 
7f3798000000-7f3798021000 rw-p 00000000 00:00 0 
7f3798021000-7f379c000000 ---p 00000000 00:00 0 
7f379c000000-7f379c021000 rw-p 00000000 00:00 0 
7f379c021000-7f37a0000000 ---p 00000000 00:00 0 
7f37a0000000-7f37a0021000 rw-p 00000000 00:00 0 
7f37a0021000-7f37a4000000 ---p 00000000 00:00 0 
7f37a616d000-7f37a64c1000 rw-p 00000000 00:00 0 
7f37a64c1000-7f37a64c2000 ---p 00000000 00:00 0 
7f37a64c2000-7f37a65c2000 rw-p 00000000 00:00 0                          [stack:8183]
7f37a65c2000-7f37a65c5000 ---p 00000000 00:00 0 
7f37a65c5000-7f37a66c3000 rw-p 00000000 00:00 0                          [stack:8182]
7f37a66c3000-7f37a66c6000 ---p 00000000 00:00 0 
7f37a66c6000-7f37a67c4000 rw-p 00000000 00:00 0                          [stack:8181]
7f37a67c4000-7f37a67c7000 ---p 00000000 00:00 0 
7f37a67c7000-7f37a68c5000 rw-p 00000000 00:00 0                          [stack:8180]
7f37a68c5000-7f37a68c8000 ---p 00000000 00:00 0 
7f37a68c8000-7f37a69c6000 rw-p 00000000 00:00 0                          [stack:8177]
7f37a69c6000-7f37a69c9000 ---p 00000000 00:00 0 
7f37a69c9000-7f37a6ac7000 rw-p 00000000 00:00 0                          [stack:8175]
7f37a6ac7000-7f37a6aca000 ---p 00000000 00:00 0 
7f37a6aca000-7f37a6bc8000 rw-p 00000000 00:00 0                          [stack:8173]
7f37a6bc8000-7f37a6bcc000 r-xp 00000000 08:05 6695052                    /usr/lib/jvm/java-7-openjdk-amd64/jre/lib/amd64/libdt_socket.so
7f37a6bcc000-7f37a6dcb000 ---p 00004000 08:05 6695052                    /usr/lib/jvm/java-7-openjdk-amd64/jre/lib/amd64/libdt_socket.so
7f37a6dcb000-7f37a6dcc000 r--p 00003000 08:05 6695052                    /usr/lib/jvm/java-7-openjdk-amd64/jre/lib/amd64/libdt_socket.so
7f37a6dcc000-7f37a6dcd000 rw-p 00004000 08:05 6695052                    /usr/lib/jvm/java-7-openjdk-amd64/jre/lib/amd64/libdt_socket.so
7f37a6dcd000-7f37a6dd0000 ---p 00000000 00:00 0 
7f37a6dd0000-7f37a6ece000 rw-p 00000000 00:00 0                          [stack:8171]
7f37a6ece000-7f37a6ed1000 ---p 00000000 00:00 0 
7f37a6ed1000-7f37a6fcf000 rw-p 00000000 00:00 0                          [stack:8170]
7f37a6fcf000-7f37a6fd2000 ---p 00000000 00:00 0 
7f37a6fd2000-7f37a70d0000 rw-p 00000000 00:00 0                          [stack:8169]
7f37a70d0000-7f37a70d1000 ---p 00000000 00:00 0 
7f37a70d1000-7f37a8000000 rw-p 00000000 00:00 0                          [stack:8168]
7f37a8000000-7f37a8021000 rw-p 00000000 00:00 0 
7f37a8021000-7f37ac000000 ---p 00000000 00:00 0 
7f37ac00f000-7f37ac1dd000 rw-p 00000000 00:00 0 
7f37ac1dd000-7f37ac38f000 r--s 01d2e000 08:05 6695038                    /usr/lib/jvm/java-7-openjdk-amd64/jre/lib/rt.jar
7f37ac38f000-7f37afada000 rw-p 00000000 00:00 0 
7f37afada000-7f37afadb000 ---p 00000000 00:00 0 
7f37afadb000-7f37afbdb000 rw-p 00000000 00:00 0                          [stack:8166]
7f37afbdb000-7f37afbdc000 ---p 00000000 00:00 0 
7f37afbdc000-7f37afcdc000 rw-p 00000000 00:00 0                          [stack:8165]
7f37afcdc000-7f37afcdd000 ---p 00000000 00:00 0 
7f37afcdd000-7f37afdfc000 rw-p 00000000 00:00 0                          [stack:8164]
7f37afdfc000-7f37affc7000 rw-p 00000000 00:00 0 
7f37affc7000-7f37affd2000 rw-p 00000000 00:00 0 
7f37affd2000-7f37b001a000 rw-p 00000000 00:00 0 
7f37b001a000-7f37b0039000 rw-p 00000000 00:00 0 
7f37b0039000-7f37b0204000 rw-p 00000000 00:00 0 
7f37b0204000-7f37b0214000 rw-p 00000000 00:00 0 
7f37b0214000-7f37b02f9000 rw-p 00000000 00:00 0 
7f37b02f9000-7f37b02fa000 rw-p 00000000 00:00 0 
7f37b02fa000-7f37b056a000 rwxp 00000000 00:00 0 
7f37b056a000-7f37b32fa000 rw-p 00000000 00:00 0 
7f37b32fa000-7f37b3302000 r-xp 00000000 08:05 6695049                    /usr/lib/jvm/java-7-openjdk-amd64/jre/lib/amd64/libzip.so
7f37b3302000-7f37b3501000 ---p 00008000 08:05 6695049                    /usr/lib/jvm/java-7-openjdk-amd64/jre/lib/amd64/libzip.so
7f37b3501000-7f37b3502000 r--p 00007000 08:05 6695049                    /usr/lib/jvm/java-7-openjdk-amd64/jre/lib/amd64/libzip.so
7f37b3502000-7f37b3503000 rw-p 00008000 08:05 6695049                    /usr/lib/jvm/java-7-openjdk-amd64/jre/lib/amd64/libzip.so
7f37b3503000-7f37b350f000 r-xp 00000000 08:05 266676                     /lib/x86_64-linux-gnu/libnss_files-2.21.so
7f37b350f000-7f37b370e000 ---p 0000c000 08:05 266676                     /lib/x86_64-linux-gnu/libnss_files-2.21.so
7f37b370e000-7f37b370f000 r--p 0000b000 08:05 266676                     /lib/x86_64-linux-gnu/libnss_files-2.21.so
7f37b370f000-7f37b3710000 rw-p 0000c000 08:05 266676                     /lib/x86_64-linux-gnu/libnss_files-2.21.so
7f37b3710000-7f37b371b000 r-xp 00000000 08:05 266686                     /lib/x86_64-linux-gnu/libnss_nis-2.21.so
7f37b371b000-7f37b391a000 ---p 0000b000 08:05 266686                     /lib/x86_64-linux-gnu/libnss_nis-2.21.so
7f37b391a000-7f37b391b000 r--p 0000a000 08:05 266686                     /lib/x86_64-linux-gnu/libnss_nis-2.21.so
7f37b391b000-7f37b391c000 rw-p 0000b000 08:05 266686                     /lib/x86_64-linux-gnu/libnss_nis-2.21.so
7f37b391c000-7f37b4000000 r--p 00000000 08:05 6560990                    /usr/lib/locale/locale-archive
7f37b4000000-7f37b414e000 rw-p 00000000 00:00 0 
7f37b414e000-7f37b8000000 ---p 00000000 00:00 0 
7f37b8001000-7f37b8021000 rw-p 00000000 00:00 0 
7f37b8021000-7f37b8022000 ---p 00000000 00:00 0 
7f37b8022000-7f37b812d000 rw-p 00000000 00:00 0                          [stack:8163]
7f37b812d000-7f37b8175000 rw-p 00000000 00:00 0 
7f37b8175000-7f37b818c000 r-xp 00000000 08:05 266670                     /lib/x86_64-linux-gnu/libnsl-2.21.so
7f37b818c000-7f37b838b000 ---p 00017000 08:05 266670                     /lib/x86_64-linux-gnu/libnsl-2.21.so
7f37b838b000-7f37b838c000 r--p 00016000 08:05 266670                     /lib/x86_64-linux-gnu/libnsl-2.21.so
7f37b838c000-7f37b838d000 rw-p 00017000 08:05 266670                     /lib/x86_64-linux-gnu/libnsl-2.21.so
7f37b838d000-7f37b838f000 rw-p 00000000 00:00 0 
7f37b838f000-7f37b8397000 r-xp 00000000 08:05 266672                     /lib/x86_64-linux-gnu/libnss_compat-2.21.so
7f37b8397000-7f37b8596000 ---p 00008000 08:05 266672                     /lib/x86_64-linux-gnu/libnss_compat-2.21.so
7f37b8596000-7f37b8597000 r--p 00007000 08:05 266672                     /lib/x86_64-linux-gnu/libnss_compat-2.21.so
7f37b8597000-7f37b8598000 rw-p 00008000 08:05 266672                     /lib/x86_64-linux-gnu/libnss_compat-2.21.so
7f37b8598000-7f37b859a000 r-xp 00000000 08:05 6695056                    /usr/lib/jvm/java-7-openjdk-amd64/jre/lib/amd64/libnpt.so
7f37b859a000-7f37b879a000 ---p 00002000 08:05 6695056                    /usr/lib/jvm/java-7-openjdk-amd64/jre/lib/amd64/libnpt.so
7f37b879a000-7f37b879b000 r--p 00002000 08:05 6695056                    /usr/lib/jvm/java-7-openjdk-amd64/jre/lib/amd64/libnpt.so
7f37b879b000-7f37b879c000 rw-p 00003000 08:05 6695056                    /usr/lib/jvm/java-7-openjdk-amd64/jre/lib/amd64/libnpt.so
7f37b879c000-7f37b87d7000 r-xp 00000000 08:05 6695061                    /usr/lib/jvm/java-7-openjdk-amd64/jre/lib/amd64/libjdwp.so
7f37b87d7000-7f37b89d7000 ---p 0003b000 08:05 6695061                    /usr/lib/jvm/java-7-openjdk-amd64/jre/lib/amd64/libjdwp.so
7f37b89d7000-7f37b89d8000 r--p 0003b000 08:05 6695061                    /usr/lib/jvm/java-7-openjdk-amd64/jre/lib/amd64/libjdwp.so
7f37b89d8000-7f37b89d9000 rw-p 0003c000 08:05 6695061                    /usr/lib/jvm/java-7-openjdk-amd64/jre/lib/amd64/libjdwp.so
7f37b89d9000-7f37b8a05000 r-xp 00000000 08:05 6695057                    /usr/lib/jvm/java-7-openjdk-amd64/jre/lib/amd64/libjava.so
7f37b8a05000-7f37b8c04000 ---p 0002c000 08:05 6695057                    /usr/lib/jvm/java-7-openjdk-amd64/jre/lib/amd64/libjava.so
7f37b8c04000-7f37b8c05000 r--p 0002b000 08:05 6695057                    /usr/lib/jvm/java-7-openjdk-amd64/jre/lib/amd64/libjava.so
7f37b8c05000-7f37b8c07000 rw-p 0002c000 08:05 6695057                    /usr/lib/jvm/java-7-openjdk-amd64/jre/lib/amd64/libjava.so
7f37b8c07000-7f37b8c16000 r-xp 00000000 08:05 6695073                    /usr/lib/jvm/java-7-openjdk-amd64/jre/lib/amd64/libverify.so
7f37b8c16000-7f37b8e15000 ---p 0000f000 08:05 6695073                    /usr/lib/jvm/java-7-openjdk-amd64/jre/lib/amd64/libverify.so
7f37b8e15000-7f37b8e17000 r--p 0000e000 08:05 6695073                    /usr/lib/jvm/java-7-openjdk-amd64/jre/lib/amd64/libverify.so
7f37b8e17000-7f37b8e18000 rw-p 00010000 08:05 6695073                    /usr/lib/jvm/java-7-openjdk-amd64/jre/lib/amd64/libverify.so
7f37b8e18000-7f37b8e1f000 r-xp 00000000 08:05 266731                     /lib/x86_64-linux-gnu/librt-2.21.so
7f37b8e1f000-7f37b901e000 ---p 00007000 08:05 266731                     /lib/x86_64-linux-gnu/librt-2.21.so
7f37b901e000-7f37b901f000 r--p 00006000 08:05 266731                     /lib/x86_64-linux-gnu/librt-2.21.so
7f37b901f000-7f37b9020000 rw-p 00007000 08:05 266731                     /lib/x86_64-linux-gnu/librt-2.21.so
7f37b9020000-7f37b9036000 r-xp 00000000 08:05 266620                     /lib/x86_64-linux-gnu/libgcc_s.so.1
7f37b9036000-7f37b9235000 ---p 00016000 08:05 266620                     /lib/x86_64-linux-gnu/libgcc_s.so.1
7f37b9235000-7f37b9236000 r--p 00015000 08:05 266620                     /lib/x86_64-linux-gnu/libgcc_s.so.1
7f37b9236000-7f37b9237000 rw-p 00016000 08:05 266620                     /lib/x86_64-linux-gnu/libgcc_s.so.1
7f37b9237000-7f37b933e000 r-xp 00000000 08:05 266649                     /lib/x86_64-linux-gnu/libm-2.21.so
7f37b933e000-7f37b953d000 ---p 00107000 08:05 266649                     /lib/x86_64-linux-gnu/libm-2.21.so
7f37b953d000-7f37b953e000 r--p 00106000 08:05 266649                     /lib/x86_64-linux-gnu/libm-2.21.so
7f37b953e000-7f37b953f000 rw-p 00107000 08:05 266649                     /lib/x86_64-linux-gnu/libm-2.21.so
7f37b953f000-7f37b96b2000 r-xp 00000000 08:05 6563109                    /usr/lib/x86_64-linux-gnu/libstdc++.so.6.0.21
7f37b96b2000-7f37b98b1000 ---p 00173000 08:05 6563109                    /usr/lib/x86_64-linux-gnu/libstdc++.so.6.0.21
7f37b98b1000-7f37b98bb000 r--p 00172000 08:05 6563109                    /usr/lib/x86_64-linux-gnu/libstdc++.so.6.0.21
7f37b98bb000-7f37b98bd000 rw-p 0017c000 08:05 6563109                    /usr/lib/x86_64-linux-gnu/libstdc++.so.6.0.21
7f37b98bd000-7f37b98c1000 rw-p 00000000 00:00 0 
7f37b98c1000-7f37ba412000 r-xp 00000000 08:05 6695064                    /usr/lib/jvm/java-7-openjdk-amd64/jre/lib/amd64/server/libjvm.so
7f37ba412000-7f37ba611000 ---p 00b51000 08:05 6695064                    /usr/lib/jvm/java-7-openjdk-amd64/jre/lib/amd64/server/libjvm.so
7f37ba611000-7f37ba6a2000 r--p 00b50000 08:05 6695064                    /usr/lib/jvm/java-7-openjdk-amd64/jre/lib/amd64/server/libjvm.so
7f37ba6a2000-7f37ba6c5000 rw-p 00be1000 08:05 6695064                    /usr/lib/jvm/java-7-openjdk-amd64/jre/lib/amd64/server/libjvm.so
7f37ba6c5000-7f37ba6f0000 rw-p 00000000 00:00 0 
7f37ba6f0000-7f37ba709000 r-xp 00000000 08:05 266766                     /lib/x86_64-linux-gnu/libz.so.1.2.8
7f37ba709000-7f37ba908000 ---p 00019000 08:05 266766                     /lib/x86_64-linux-gnu/libz.so.1.2.8
7f37ba908000-7f37ba909000 r--p 00018000 08:05 266766                     /lib/x86_64-linux-gnu/libz.so.1.2.8
7f37ba909000-7f37ba90a000 rw-p 00019000 08:05 266766                     /lib/x86_64-linux-gnu/libz.so.1.2.8
7f37ba90a000-7f37ba922000 r-xp 00000000 08:05 266723                     /lib/x86_64-linux-gnu/libpthread-2.21.so
7f37ba922000-7f37bab22000 ---p 00018000 08:05 266723                     /lib/x86_64-linux-gnu/libpthread-2.21.so
7f37bab22000-7f37bab23000 r--p 00018000 08:05 266723                     /lib/x86_64-linux-gnu/libpthread-2.21.so
7f37bab23000-7f37bab24000 rw-p 00019000 08:05 266723                     /lib/x86_64-linux-gnu/libpthread-2.21.so
7f37bab24000-7f37bab28000 rw-p 00000000 00:00 0 
7f37bab28000-7f37bab2b000 r-xp 00000000 08:05 266606                     /lib/x86_64-linux-gnu/libdl-2.21.so
7f37bab2b000-7f37bad2a000 ---p 00003000 08:05 266606                     /lib/x86_64-linux-gnu/libdl-2.21.so
7f37bad2a000-7f37bad2b000 r--p 00002000 08:05 266606                     /lib/x86_64-linux-gnu/libdl-2.21.so
7f37bad2b000-7f37bad2c000 rw-p 00003000 08:05 266606                     /lib/x86_64-linux-gnu/libdl-2.21.so
7f37bad2c000-7f37baeec000 r-xp 00000000 08:05 266587                     /lib/x86_64-linux-gnu/libc-2.21.so
7f37baeec000-7f37bb0ec000 ---p 001c0000 08:05 266587                     /lib/x86_64-linux-gnu/libc-2.21.so
7f37bb0ec000-7f37bb0f0000 r--p 001c0000 08:05 266587                     /lib/x86_64-linux-gnu/libc-2.21.so
7f37bb0f0000-7f37bb0f2000 rw-p 001c4000 08:05 266587                     /lib/x86_64-linux-gnu/libc-2.21.so
7f37bb0f2000-7f37bb0f6000 rw-p 00000000 00:00 0 
7f37bb0f6000-7f37bb103000 r-xp 00000000 08:05 6695075                    /usr/lib/jvm/java-7-openjdk-amd64/jre/lib/amd64/jli/libjli.so
7f37bb103000-7f37bb302000 ---p 0000d000 08:05 6695075                    /usr/lib/jvm/java-7-openjdk-amd64/jre/lib/amd64/jli/libjli.so
7f37bb302000-7f37bb303000 r--p 0000c000 08:05 6695075                    /usr/lib/jvm/java-7-openjdk-amd64/jre/lib/amd64/jli/libjli.so
7f37bb303000-7f37bb304000 rw-p 0000d000 08:05 6695075                    /usr/lib/jvm/java-7-openjdk-amd64/jre/lib/amd64/jli/libjli.so
7f37bb304000-7f37bb328000 r-xp 00000000 08:05 266559                     /lib/x86_64-linux-gnu/ld-2.21.so
7f37bb33f000-7f37bb34b000 rw-p 00000000 00:00 0 
7f37bb34b000-7f37bb401000 rw-p 00000000 00:00 0 
7f37bb401000-7f37bb404000 ---p 00000000 00:00 0 
7f37bb404000-7f37bb507000 rw-p 00000000 00:00 0                          [stack:8162]
7f37bb507000-7f37bb50b000 r--s 00034000 08:05 6695032                    /usr/lib/jvm/java-7-openjdk-amd64/jre/lib/ext/sunjce_provider.jar
7f37bb50b000-7f37bb50d000 r--s 00007000 08:05 7091177                    /usr/share/java/java-atk-wrapper.jar
7f37bb50d000-7f37bb511000 r--s 0003c000 08:05 6695033                    /usr/lib/jvm/java-7-openjdk-amd64/jre/lib/ext/sunpkcs11.jar
7f37bb511000-7f37bb512000 r--s 00002000 08:05 6695034                    /usr/lib/jvm/java-7-openjdk-amd64/jre/lib/ext/dnsns.jar
7f37bb512000-7f37bb515000 r--s 0000f000 08:05 6695031                    /usr/lib/jvm/java-7-openjdk-amd64/jre/lib/ext/icedtea-sound.jar
7f37bb515000-7f37bb517000 r--s 00012000 08:05 6695029                    /usr/lib/jvm/java-7-openjdk-amd64/jre/lib/ext/zipfs.jar
7f37bb517000-7f37bb51b000 r--s 00085000 08:05 6695030                    /usr/lib/jvm/java-7-openjdk-amd64/jre/lib/ext/localedata.jar
7f37bb51b000-7f37bb523000 rw-s 00000000 08:05 9308008                    /tmp/hsperfdata_slashouse/8156
7f37bb523000-7f37bb524000 rw-p 00000000 00:00 0 
7f37bb524000-7f37bb525000 r--p 00000000 00:00 0 
7f37bb525000-7f37bb527000 rw-p 00000000 00:00 0 
7f37bb527000-7f37bb528000 r--p 00023000 08:05 266559                     /lib/x86_64-linux-gnu/ld-2.21.so
7f37bb528000-7f37bb529000 rw-p 00024000 08:05 266559                     /lib/x86_64-linux-gnu/ld-2.21.so
7f37bb529000-7f37bb52a000 rw-p 00000000 00:00 0 
7fff7a659000-7fff7a67a000 rw-p 00000000 00:00 0                          [stack]
7fff7a7f3000-7fff7a7f5000 r--p 00000000 00:00 0                          [vvar]
7fff7a7f5000-7fff7a7f7000 r-xp 00000000 00:00 0                          [vdso]
ffffffffff600000-ffffffffff601000 r-xp 00000000 00:00 0                  [vsyscall]

VM Arguments:
jvm_args: -agentlib:jdwp=transport=dt_socket,suspend=y,address=localhost:38414 -Dfile.encoding=UTF-8 
java_command: RND.GenerateMenu
Launcher Type: SUN_STANDARD

Environment Variables:
PATH=/usr/local/sbin:/usr/local/bin:/usr/sbin:/usr/bin:/sbin:/bin:/usr/games:/usr/local/games
SHELL=/bin/bash
DISPLAY=:0

Signal Handlers:
SIGSEGV: [libjvm.so+0x995450], sa_mask[0]=0x7ffbfeff, sa_flags=0x10000004
SIGBUS: [libjvm.so+0x995450], sa_mask[0]=0x7ffbfeff, sa_flags=0x10000004
SIGFPE: [libjvm.so+0x7fc6a0], sa_mask[0]=0x7ffbfeff, sa_flags=0x10000004
SIGPIPE: [libjvm.so+0x7fc6a0], sa_mask[0]=0x7ffbfeff, sa_flags=0x10000004
SIGXFSZ: [libjvm.so+0x7fc6a0], sa_mask[0]=0x7ffbfeff, sa_flags=0x10000004
SIGILL: [libjvm.so+0x7fc6a0], sa_mask[0]=0x7ffbfeff, sa_flags=0x10000004
SIGUSR1: SIG_DFL, sa_mask[0]=0x00000000, sa_flags=0x00000000
SIGUSR2: [libjvm.so+0x7fc520], sa_mask[0]=0x00000004, sa_flags=0x10000004
SIGHUP: [libjvm.so+0x7fc6b0], sa_mask[0]=0x7ffbfeff, sa_flags=0x10000004
SIGINT: [libjvm.so+0x7fc6b0], sa_mask[0]=0x7ffbfeff, sa_flags=0x10000004
SIGTERM: [libjvm.so+0x7fc6b0], sa_mask[0]=0x7ffbfeff, sa_flags=0x10000004
SIGQUIT: [libjvm.so+0x7fc6b0], sa_mask[0]=0x7ffbfeff, sa_flags=0x10000004
SIGTRAP: SIG_DFL, sa_mask[0]=0x00000000, sa_flags=0x00000000


---------------  S Y S T E M  ---------------

OS:Ubuntu 15.10 (wily)
uname:Linux 4.2.0-25-generic #30-Ubuntu SMP Mon Jan 18 12:31:50 UTC 2016 x86_64
libc:glibc 2.21 NPTL 2.21 
rlimit: STACK 8192k, CORE 0k, NPROC 23372, NOFILE 65536, AS infinity
load average:3,50 2,97 2,85

/proc/meminfo:
MemTotal:        6018088 kB
MemFree:          727824 kB
MemAvailable:    2701896 kB
Buffers:          172008 kB
Cached:          2491956 kB
SwapCached:            0 kB
Active:          3292572 kB
Inactive:        1678016 kB
Active(anon):    2314696 kB
Inactive(anon):   797176 kB
Active(file):     977876 kB
Inactive(file):   880840 kB
Unevictable:        1784 kB
Mlocked:            1784 kB
SwapTotal:       5118972 kB
SwapFree:        5118972 kB
Dirty:               236 kB
Writeback:             0 kB
AnonPages:       2308656 kB
Mapped:           659916 kB
Shmem:            805080 kB
Slab:             193524 kB
SReclaimable:     151788 kB
SUnreclaim:        41736 kB
KernelStack:       12592 kB
PageTables:        51844 kB
NFS_Unstable:          0 kB
Bounce:                0 kB
WritebackTmp:          0 kB
CommitLimit:     8128016 kB
Committed_AS:    9021300 kB
VmallocTotal:   34359738367 kB
VmallocUsed:      385144 kB
VmallocChunk:   34358945788 kB
HardwareCorrupted:     0 kB
AnonHugePages:   1329152 kB
CmaTotal:              0 kB
CmaFree:               0 kB
HugePages_Total:       0
HugePages_Free:        0
HugePages_Rsvd:        0
HugePages_Surp:        0
Hugepagesize:       2048 kB
DirectMap4k:      152660 kB
DirectMap2M:     6047744 kB


CPU:total 4 (2 cores per cpu, 2 threads per core) family 6 model 42 stepping 7, cmov, cx8, fxsr, mmx, sse, sse2, sse3, ssse3, sse4.1, sse4.2, popcnt, avx, aes, ht, tsc, tscinvbit

/proc/cpuinfo:
processor	: 0
vendor_id	: GenuineIntel
cpu family	: 6
model		: 42
model name	: Intel(R) Core(TM) i5-2430M CPU @ 2.40GHz
stepping	: 7
microcode	: 0x14
cpu MHz		: 2856.093
cache size	: 3072 KB
physical id	: 0
siblings	: 4
core id		: 0
cpu cores	: 2
apicid		: 0
initial apicid	: 0
fpu		: yes
fpu_exception	: yes
cpuid level	: 13
wp		: yes
flags		: fpu vme de pse tsc msr pae mce cx8 apic sep mtrr pge mca cmov pat pse36 clflush dts acpi mmx fxsr sse sse2 ss ht tm pbe syscall nx rdtscp lm constant_tsc arch_perfmon pebs bts rep_good nopl xtopology nonstop_tsc aperfmperf eagerfpu pni pclmulqdq dtes64 monitor ds_cpl vmx est tm2 ssse3 cx16 xtpr pdcm pcid sse4_1 sse4_2 x2apic popcnt tsc_deadline_timer aes xsave avx lahf_lm ida arat epb pln pts dtherm tpr_shadow vnmi flexpriority ept vpid xsaveopt
bugs		:
bogomips	: 4789.28
clflush size	: 64
cache_alignment	: 64
address sizes	: 36 bits physical, 48 bits virtual
power management:

processor	: 1
vendor_id	: GenuineIntel
cpu family	: 6
model		: 42
model name	: Intel(R) Core(TM) i5-2430M CPU @ 2.40GHz
stepping	: 7
microcode	: 0x14
cpu MHz		: 2787.375
cache size	: 3072 KB
physical id	: 0
siblings	: 4
core id		: 1
cpu cores	: 2
apicid		: 2
initial apicid	: 2
fpu		: yes
fpu_exception	: yes
cpuid level	: 13
wp		: yes
flags		: fpu vme de pse tsc msr pae mce cx8 apic sep mtrr pge mca cmov pat pse36 clflush dts acpi mmx fxsr sse sse2 ss ht tm pbe syscall nx rdtscp lm constant_tsc arch_perfmon pebs bts rep_good nopl xtopology nonstop_tsc aperfmperf eagerfpu pni pclmulqdq dtes64 monitor ds_cpl vmx est tm2 ssse3 cx16 xtpr pdcm pcid sse4_1 sse4_2 x2apic popcnt tsc_deadline_timer aes xsave avx lahf_lm ida arat epb pln pts dtherm tpr_shadow vnmi flexpriority ept vpid xsaveopt
bugs		:
bogomips	: 4789.28
clflush size	: 64
cache_alignment	: 64
address sizes	: 36 bits physical, 48 bits virtual
power management:

processor	: 2
vendor_id	: GenuineIntel
cpu family	: 6
model		: 42
model name	: Intel(R) Core(TM) i5-2430M CPU @ 2.40GHz
stepping	: 7
microcode	: 0x14
cpu MHz		: 2821.500
cache size	: 3072 KB
physical id	: 0
siblings	: 4
core id		: 0
cpu cores	: 2
apicid		: 1
initial apicid	: 1
fpu		: yes
fpu_exception	: yes
cpuid level	: 13
wp		: yes
flags		: fpu vme de pse tsc msr pae mce cx8 apic sep mtrr pge mca cmov pat pse36 clflush dts acpi mmx fxsr sse sse2 ss ht tm pbe syscall nx rdtscp lm constant_tsc arch_perfmon pebs bts rep_good nopl xtopology nonstop_tsc aperfmperf eagerfpu pni pclmulqdq dtes64 monitor ds_cpl vmx est tm2 ssse3 cx16 xtpr pdcm pcid sse4_1 sse4_2 x2apic popcnt tsc_deadline_timer aes xsave avx lahf_lm ida arat epb pln pts dtherm tpr_shadow vnmi flexpriority ept vpid xsaveopt
bugs		:
bogomips	: 4789.28
clflush size	: 64
cache_alignment	: 64
address sizes	: 36 bits physical, 48 bits virtual
power management:

processor	: 3
vendor_id	: GenuineIntel
cpu family	: 6
model		: 42
model name	: Intel(R) Core(TM) i5-2430M CPU @ 2.40GHz
stepping	: 7
microcode	: 0x14
cpu MHz		: 2838.562
cache size	: 3072 KB
physical id	: 0
siblings	: 4
core id		: 1
cpu cores	: 2
apicid		: 3
initial apicid	: 3
fpu		: yes
fpu_exception	: yes
cpuid level	: 13
wp		: yes
flags		: fpu vme de pse tsc msr pae mce cx8 apic sep mtrr pge mca cmov pat pse36 clflush dts acpi mmx fxsr sse sse2 ss ht tm pbe syscall nx rdtscp lm constant_tsc arch_perfmon pebs bts rep_good nopl xtopology nonstop_tsc aperfmperf eagerfpu pni pclmulqdq dtes64 monitor ds_cpl vmx est tm2 ssse3 cx16 xtpr pdcm pcid sse4_1 sse4_2 x2apic popcnt tsc_deadline_timer aes xsave avx lahf_lm ida arat epb pln pts dtherm tpr_shadow vnmi flexpriority ept vpid xsaveopt
bugs		:
bogomips	: 4789.28
clflush size	: 64
cache_alignment	: 64
address sizes	: 36 bits physical, 48 bits virtual
power management:



Memory: 4k page, physical 6018088k(726832k free), swap 5118972k(5118972k free)

vm_info: OpenJDK 64-Bit Server VM (24.91-b01) for linux-amd64 JRE (1.7.0_91-b02), built on Nov 19 2015 06:14:16 by "buildd" with gcc 5.2.1 20151010

time: Wed Jan 27 11:36:15 2016
elapsed time: 125 seconds

